Arguments: 
  /home/bend/.nvm/versions/node/v16.13.0/bin/node /usr/share/yarn/bin/yarn.js add --dev prettier prettier-webpack-plugi

PATH: 
  /usr/share/rvm/gems/ruby-2.7.4/bin:/home/bend/.rvm/bin:/usr/share/rvm/gems/ruby-2.7.4/bin:/home/bend/.rvm/bin:/usr/share/rvm/gems/ruby-2.7.4/bin:/home/bend/.rvm/bin:/home/bend/.nvm/versions/node/v16.13.0/bin:/home/bend/.vscode-server/bin/da15b6fd3ef856477bf6f4fb29ba1b7af717770d/bin/remote-cli:/usr/share/rvm/gems/ruby-2.7.4/bin:/usr/share/rvm/gems/ruby-2.7.4@global/bin:/usr/share/rvm/rubies/ruby-2.7.4/bin:/usr/local/sbin:/usr/local/bin:/usr/sbin:/usr/bin:/sbin:/bin:/usr/games:/usr/local/games:/usr/lib/wsl/lib:/mnt/c/Program Files (x86)/Common Files/Oracle/Java/javapath:/mnt/c/Program Files (x86)/Razer Chroma SDK/bin:/mnt/c/Program Files/Razer Chroma SDK/bin:/mnt/c/Program Files (x86)/Razer/ChromaBroadcast/bin:/mnt/c/Program Files/Razer/ChromaBroadcast/bin:/mnt/c/Program Files (x86)/VMware/VMware Player/bin/:/mnt/c/WINDOWS/system32:/mnt/c/WINDOWS:/mnt/c/WINDOWS/System32/Wbem:/mnt/c/WINDOWS/System32/WindowsPowerShell/v1.0/:/mnt/c/WINDOWS/System32/OpenSSH/:/mnt/c/Program Files/Microsoft VS Code/bin:/mnt/c/Program Files (x86)/NVIDIA Corporation/PhysX/Common:/mnt/c/Program Files/NVIDIA Corporation/NVIDIA NvDLISR:/mnt/c/Program Files/nodejs/:/mnt/c/Program Files/dotnet/:/mnt/c/WINDOWS/system32/config/systemprofile/AppData/Local/Microsoft/WindowsApps:/mnt/c/Program Files/Docker/Docker/resources/bin:/mnt/c/ProgramData/DockerDesktop/version-bin:/mnt/c/Users/Ben/AppData/Local/Microsoft/WindowsApps:/mnt/c/Users/Ben/AppData/Roaming/npm:/mnt/c/Users/Ben/AppData/Local/gitkraken/bin:/usr/share/rvm/bin

Yarn version: 
  1.22.17

Node version: 
  16.13.0

Platform: 
  linux x64

Trace: 
  Error: https://registry.yarnpkg.com/prettier-webpack-plugi: Not found
      at Request.params.callback [as _callback] (/usr/share/yarn/lib/cli.js:67029:18)
      at Request.self.callback (/usr/share/yarn/lib/cli.js:140883:22)
      at Request.emit (node:events:390:28)
      at Request.<anonymous> (/usr/share/yarn/lib/cli.js:141855:10)
      at Request.emit (node:events:390:28)
      at IncomingMessage.<anonymous> (/usr/share/yarn/lib/cli.js:141777:12)
      at Object.onceWrapper (node:events:509:28)
      at IncomingMessage.emit (node:events:402:35)
      at endReadableNT (node:internal/streams/readable:1343:12)
      at processTicksAndRejections (node:internal/process/task_queues:83:21)

npm manifest: 
  {
    "name": "boilerplate",
    "version": "1.0.0",
    "description": "",
    "private": true,
    "scripts": {
      "build-babel": "babel src -d lib",
      "build-webpack": " webpack --config webpack.config.js",
      "build": "npm run build-babel && npm run build-webpack"
    },
    "author": "Ben",
    "license": "ISC",
    "devDependencies": {
      "@babel/cli": "^7.17.10",
      "@babel/core": "^7.18.5",
      "@babel/preset-env": "^7.18.2",
      "@babel/preset-react": "^7.17.12",
      "babel-loader": "^8.2.5",
      "eslint": "^8.17.0",
      "eslint-plugin-react": "^7.30.0",
      "eslint-webpack-plugin": "^3.1.1",
      "html-webpack-plugin": "^5.5.0",
      "prettier": "^2.7.0",
      "prettier-loader": "^3.3.0",
      "sass": "^1.52.3",
      "sass-loader": "^13.0.0",
      "webpack": "^5.73.0",
      "webpack-cli": "^4.10.0"
    },
    "dependencies": {
      "react": "^17.0.2",
      "react-dom": "^17.0.2"
    }
  }

yarn manifest: 
  No manifest

Lockfile: 
  No lockfile
